<?xml version="1.0" encoding="UTF-8" standalone="yes"?>
<SharedFlowBundle name="test-pz">
    <Policies>
        <Policy>add-cors</Policy>
    </Policies>
    <Resources/>
    <Spec></Spec>
    <subType>SharedFlow</subType>
    <SharedFlows>
        <SharedFlow>default</SharedFlow>
    </SharedFlows>
</SharedFlowBundle>
